  GAME.cpp
d:\win32project1\win32project1\win32project1\global.h(48): warning C4091: 'static ': ignored on left of 'GLOBAL::DIRECTION' when no variable is declared
d:\win32project1\win32project1\win32project1\global.h(49): warning C4091: 'static ': ignored on left of 'GLOBAL::STATE' when no variable is declared
d:\win32project1\win32project1\win32project1\global.h(53): warning C4800: 'boolean': forcing value to bool 'true' or 'false' (performance warning)
d:\win32project1\win32project1\win32project1\aladdinwalk.h(9): warning C4005: 'COUNT_FRAME': macro redefinition
  d:\win32project1\win32project1\win32project1\global.h(8): note: see previous definition of 'COUNT_FRAME'
d:\win32project1\win32project1\win32project1\aladdinclimb.h(8): warning C4005: 'COUNT_FRAME': macro redefinition
  d:\win32project1\win32project1\win32project1\aladdinwalk.h(9): note: see previous definition of 'COUNT_FRAME'
d:\win32project1\win32project1\win32project1\aladdindrop.h(8): warning C4005: 'COUNT_FRAME': macro redefinition
  d:\win32project1\win32project1\win32project1\aladdinclimb.h(8): note: see previous definition of 'COUNT_FRAME'
d:\win32project1\win32project1\win32project1\aladdinstand.h(6): warning C4005: 'COUNT_FRAME': macro redefinition
  d:\win32project1\win32project1\win32project1\aladdindrop.h(8): note: see previous definition of 'COUNT_FRAME'
d:\win32project1\win32project1\win32project1\aladdinsit.h(9): warning C4005: 'COUNT_FRAME': macro redefinition
  d:\win32project1\win32project1\win32project1\aladdinstand.h(6): note: see previous definition of 'COUNT_FRAME'
d:\win32project1\win32project1\win32project1\aladdinfight.h(7): warning C4005: 'COUNT_FRAME': macro redefinition
  d:\win32project1\win32project1\win32project1\aladdinsit.h(9): note: see previous definition of 'COUNT_FRAME'
d:\win32project1\win32project1\win32project1\aladdinjump.h(10): warning C4005: 'COUNT_FRAME': macro redefinition
  d:\win32project1\win32project1\win32project1\aladdinfight.h(7): note: see previous definition of 'COUNT_FRAME'
  c:\program files (x86)\microsoft directx sdk (june 2010)\include\dinput.h: DIRECTINPUT_VERSION undefined. Defaulting to version 0x0800
  Win32Project1.vcxproj -> D:\Win32Project1\Win32Project1\Debug\Win32Project1.exe
  Win32Project1.vcxproj -> D:\Win32Project1\Win32Project1\Debug\Win32Project1.pdb (Full PDB)
